<?xml version="1.0" encoding="UTF-8"?>
<!-- Generated by org.testng.reporters.JUnitXMLReporter -->
<testsuite hostname="PC1" ignored="0" name="Default test" tests="4" failures="0" timestamp="05 Dec 2019 04:54:09 GMT" time="107.586" errors="0">
  <testcase name="ExecuteAll" time="13.702" classname="com.DataDriven.test.MultiDataExecution"/>
  <testcase name="ExecuteAll" time="14.782" classname="com.DataDriven.test.MultiDataExecution"/>
  <testcase name="ExecuteAll" time="14.601" classname="com.DataDriven.test.MultiDataExecution"/>
  <testcase name="ExecuteAll" time="15.062" classname="com.DataDriven.test.MultiDataExecution"/>
</testsuite> <!-- Default test -->
