<?xml version="1.0" encoding="UTF-8"?>
<testng-results skipped="0" failed="0" ignored="0" total="4" passed="4">
  <reporter-output>
  </reporter-output>
  <suite name="Default suite" duration-ms="107586" started-at="2019-12-05T04:52:21Z" finished-at="2019-12-05T04:54:09Z">
    <groups>
    </groups>
    <test name="Default test" duration-ms="107586" started-at="2019-12-05T04:52:21Z" finished-at="2019-12-05T04:54:09Z">
      <class name="com.DataDriven.test.MultiDataExecution">
        <test-method status="PASS" signature="SetUp()[pri:0, instance:com.DataDriven.test.MultiDataExecution@be92ad]" name="SetUp" is-config="true" duration-ms="14261" started-at="2019-12-05T04:52:22Z" finished-at="2019-12-05T04:52:37Z">
          <reporter-output>
          </reporter-output>
        </test-method> <!-- SetUp -->
        <test-method status="PASS" signature="ExecuteAll(java.lang.String, java.lang.String, java.lang.String, java.lang.String, java.lang.String)[pri:0, instance:com.DataDriven.test.MultiDataExecution@be92ad]" name="ExecuteAll" duration-ms="13702" started-at="2019-12-05T04:52:37Z" data-provider="GetAlldata" finished-at="2019-12-05T04:52:50Z">
          <params>
            <param index="0">
              <value>
                <![CDATA[Sabarish]]>
              </value>
            </param>
            <param index="1">
              <value>
                <![CDATA[Desingh]]>
              </value>
            </param>
            <param index="2">
              <value>
                <![CDATA[9.626902117E9]]>
              </value>
            </param>
            <param index="3">
              <value>
                <![CDATA[sabarish@yahoo.com]]>
              </value>
            </param>
            <param index="4">
              <value>
                <![CDATA[INDIA]]>
              </value>
            </param>
          </params>
          <reporter-output>
          </reporter-output>
        </test-method> <!-- ExecuteAll -->
        <test-method status="PASS" signature="CloseBrowse()[pri:0, instance:com.DataDriven.test.MultiDataExecution@be92ad]" name="CloseBrowse" is-config="true" duration-ms="1503" started-at="2019-12-05T04:52:50Z" finished-at="2019-12-05T04:52:52Z">
          <reporter-output>
          </reporter-output>
        </test-method> <!-- CloseBrowse -->
        <test-method status="PASS" signature="SetUp()[pri:0, instance:com.DataDriven.test.MultiDataExecution@be92ad]" name="SetUp" is-config="true" duration-ms="12491" started-at="2019-12-05T04:52:52Z" finished-at="2019-12-05T04:53:04Z">
          <reporter-output>
          </reporter-output>
        </test-method> <!-- SetUp -->
        <test-method status="PASS" signature="ExecuteAll(java.lang.String, java.lang.String, java.lang.String, java.lang.String, java.lang.String)[pri:0, instance:com.DataDriven.test.MultiDataExecution@be92ad]" name="ExecuteAll" duration-ms="14782" started-at="2019-12-05T04:53:04Z" data-provider="GetAlldata" finished-at="2019-12-05T04:53:19Z">
          <params>
            <param index="0">
              <value>
                <![CDATA[Santosh]]>
              </value>
            </param>
            <param index="1">
              <value>
                <![CDATA[Bojan]]>
              </value>
            </param>
            <param index="2">
              <value>
                <![CDATA[9.626902117E9]]>
              </value>
            </param>
            <param index="3">
              <value>
                <![CDATA[Santosh@yahoo.com]]>
              </value>
            </param>
            <param index="4">
              <value>
                <![CDATA[INDIA]]>
              </value>
            </param>
          </params>
          <reporter-output>
          </reporter-output>
        </test-method> <!-- ExecuteAll -->
        <test-method status="PASS" signature="CloseBrowse()[pri:0, instance:com.DataDriven.test.MultiDataExecution@be92ad]" name="CloseBrowse" is-config="true" duration-ms="930" started-at="2019-12-05T04:53:19Z" finished-at="2019-12-05T04:53:20Z">
          <reporter-output>
          </reporter-output>
        </test-method> <!-- CloseBrowse -->
        <test-method status="PASS" signature="SetUp()[pri:0, instance:com.DataDriven.test.MultiDataExecution@be92ad]" name="SetUp" is-config="true" duration-ms="8260" started-at="2019-12-05T04:53:20Z" finished-at="2019-12-05T04:53:28Z">
          <reporter-output>
          </reporter-output>
        </test-method> <!-- SetUp -->
        <test-method status="PASS" signature="ExecuteAll(java.lang.String, java.lang.String, java.lang.String, java.lang.String, java.lang.String)[pri:0, instance:com.DataDriven.test.MultiDataExecution@be92ad]" name="ExecuteAll" duration-ms="14601" started-at="2019-12-05T04:53:28Z" data-provider="GetAlldata" finished-at="2019-12-05T04:53:43Z">
          <params>
            <param index="0">
              <value>
                <![CDATA[Sadhana]]>
              </value>
            </param>
            <param index="1">
              <value>
                <![CDATA[Valli]]>
              </value>
            </param>
            <param index="2">
              <value>
                <![CDATA[8.939774402E9]]>
              </value>
            </param>
            <param index="3">
              <value>
                <![CDATA[sadhu@gmail.com]]>
              </value>
            </param>
            <param index="4">
              <value>
                <![CDATA[INDIA]]>
              </value>
            </param>
          </params>
          <reporter-output>
          </reporter-output>
        </test-method> <!-- ExecuteAll -->
        <test-method status="PASS" signature="CloseBrowse()[pri:0, instance:com.DataDriven.test.MultiDataExecution@be92ad]" name="CloseBrowse" is-config="true" duration-ms="1018" started-at="2019-12-05T04:53:43Z" finished-at="2019-12-05T04:53:44Z">
          <reporter-output>
          </reporter-output>
        </test-method> <!-- CloseBrowse -->
        <test-method status="PASS" signature="SetUp()[pri:0, instance:com.DataDriven.test.MultiDataExecution@be92ad]" name="SetUp" is-config="true" duration-ms="8749" started-at="2019-12-05T04:53:44Z" finished-at="2019-12-05T04:53:53Z">
          <reporter-output>
          </reporter-output>
        </test-method> <!-- SetUp -->
        <test-method status="PASS" signature="ExecuteAll(java.lang.String, java.lang.String, java.lang.String, java.lang.String, java.lang.String)[pri:0, instance:com.DataDriven.test.MultiDataExecution@be92ad]" name="ExecuteAll" duration-ms="15062" started-at="2019-12-05T04:53:53Z" data-provider="GetAlldata" finished-at="2019-12-05T04:54:08Z">
          <params>
            <param index="0">
              <value>
                <![CDATA[Sharmila]]>
              </value>
            </param>
            <param index="1">
              <value>
                <![CDATA[Bojan]]>
              </value>
            </param>
            <param index="2">
              <value>
                <![CDATA[8.939775508E9]]>
              </value>
            </param>
            <param index="3">
              <value>
                <![CDATA[Sharmi@yahoo.com]]>
              </value>
            </param>
            <param index="4">
              <value>
                <![CDATA[INDIA]]>
              </value>
            </param>
          </params>
          <reporter-output>
          </reporter-output>
        </test-method> <!-- ExecuteAll -->
        <test-method status="PASS" signature="CloseBrowse()[pri:0, instance:com.DataDriven.test.MultiDataExecution@be92ad]" name="CloseBrowse" is-config="true" duration-ms="909" started-at="2019-12-05T04:54:08Z" finished-at="2019-12-05T04:54:09Z">
          <reporter-output>
          </reporter-output>
        </test-method> <!-- CloseBrowse -->
      </class> <!-- com.DataDriven.test.MultiDataExecution -->
    </test> <!-- Default test -->
  </suite> <!-- Default suite -->
</testng-results>
